<?xml version="1.0" encoding="UTF-8"?>
<!-- Generated by org.testng.reporters.JUnitXMLReporter -->
<testsuite hostname="SamsungLap" ignored="0" name="Test" tests="3" failures="1" timestamp="2021-05-10T17:48:30 IST" time="13.289" errors="0">
  <testcase name="login_Test" time="13.179" classname="com.sdet.TC_Login">
    <failure type="java.lang.AssertionError" message="expected [test] but found [OrangeHRM]">
      <![CDATA[java.lang.AssertionError: expected [test] but found [OrangeHRM]
at com.sdet.TC_Login.login_Test(TC_Login.java:22)
at java.util.ArrayList.forEach(ArrayList.java:1249)
... Removed 33 stack frames]]>
    </failure>
  </testcase> <!-- login_Test -->
  <testcase name="testLogin1" time="0.008" classname="com.sdet.AppTest"/>
  <testcase name="testLogin2" time="0.0" classname="com.sdet.AppTest"/>
</testsuite> <!-- Test -->
