<?xml version="1.0" encoding="UTF-8"?>
<!-- Generated by org.testng.reporters.JUnitXMLReporter -->
<testsuite hostname="SamsungLap" ignored="0" name="Test" tests="4" failures="0" timestamp="2021-06-17T16:20:25 IST" time="57.296" errors="0">
  <testcase name="excel_Test" time="0.01" classname="com.sdet.TC_Login"/>
  <testcase name="login_Test" time="57.098" classname="com.sdet.TC_Login"/>
  <testcase name="testLogin1" time="0.093" classname="com.sdet.AppTest"/>
  <testcase name="testLogin2" time="0.001" classname="com.sdet.AppTest"/>
</testsuite> <!-- Test -->
